<?xml version="1.0" encoding="utf-8"?><testsuite errors="0" failures="0" name="pytest" skips="0" tests="15" time="2.649"><testcase classname="tests.test_client" file="tests/test_client.py" line="198" name="test_watch_iterator" time="0.5313007831573486"></testcase><testcase classname="tests.test_client" file="tests/test_client.py" line="61" name="test_leader" time="0.02874898910522461"></testcase><testcase classname="tests.test_client" file="tests/test_client.py" line="68" name="test_machines" time="0.004183053970336914"></testcase><testcase classname="tests.test_client" file="tests/test_client.py" line="74" name="test_get" time="0.033683061599731445"></testcase><testcase classname="tests.test_client" file="tests/test_client.py" line="82" name="test_get_value" time="0.03358268737792969"></testcase><testcase classname="tests.test_client" file="tests/test_client.py" line="90" name="test_set" time="0.0360257625579834"></testcase><testcase classname="tests.test_client" file="tests/test_client.py" line="100" name="test_mkdir" time="0.03300929069519043"></testcase><testcase classname="tests.test_client" file="tests/test_client.py" line="114" name="test_delete" time="0.023800134658813477"></testcase><testcase classname="tests.test_client" file="tests/test_client.py" line="124" name="test_watch" time="0.898402214050293"></testcase><testcase classname="tests.test_client" file="tests/test_client.py" line="150" name="test_watch_index" time="0.07686281204223633"></testcase><testcase classname="tests.test_client" file="tests/test_client.py" line="176" name="test_watch_timeout" time="0.2575492858886719"></testcase><testcase classname="tests.test_client" file="tests/test_client.py" line="229" name="test_updatedir" time="0.04318809509277344"></testcase><testcase classname="tests.test_client" file="tests/test_client.py" line="237" name="test_changed" time="0.09168481826782227"></testcase><testcase classname="tests.test_client" file="tests/test_client.py" line="259" name="test_update" time="0.0516357421875"></testcase><testcase classname="tests.test_client" file="tests/test_client.py" line="272" name="test_prev_node" time="0.019150257110595703"></testcase></testsuite>