<?xml version="1.0" encoding="utf-8"?><testsuite errors="0" failures="0" name="pytest" skips="0" tests="7" time="8780.997"><testcase classname="tests.test_client" file="tests/test_client.py" line="61" name="test_leader" time="0.024595260620117188"></testcase><testcase classname="tests.test_client" file="tests/test_client.py" line="68" name="test_machines" time="0.003517627716064453"></testcase><testcase classname="tests.test_client" file="tests/test_client.py" line="74" name="test_get" time="0.023768186569213867"></testcase><testcase classname="tests.test_client" file="tests/test_client.py" line="82" name="test_get_value" time="0.021335363388061523"></testcase><testcase classname="tests.test_client" file="tests/test_client.py" line="90" name="test_set" time="0.030941247940063477"></testcase><testcase classname="tests.test_client" file="tests/test_client.py" line="100" name="test_mkdir" time="0.03156781196594238"></testcase><testcase classname="tests.test_client" file="tests/test_client.py" line="114" name="test_delete" time="0.024139881134033203"></testcase><testcase time="0.0005791187286376953"></testcase></testsuite>